2025-02-13 15:28:34.222773: E external/local_xla/xla/stream_executor/cuda/cuda_fft.cc:477] Unable to register cuFFT factory: Attempting to register factory for plugin cuFFT when one has already been registered
WARNING: All log messages before absl::InitializeLog() is called are written to STDERR
E0000 00:00:1739482114.248741  528512 cuda_dnn.cc:8310] Unable to register cuDNN factory: Attempting to register factory for plugin cuDNN when one has already been registered
E0000 00:00:1739482114.256581  528512 cuda_blas.cc:1418] Unable to register cuBLAS factory: Attempting to register factory for plugin cuBLAS when one has already been registered
2025-02-13 15:28:34.293030: I tensorflow/core/platform/cpu_feature_guard.cc:210] This TensorFlow binary is optimized to use available CPU instructions in performance-critical operations.
To enable the following instructions: AVX2 FMA, in other operations, rebuild TensorFlow with the appropriate compiler flags.
2025-02-13 15:29:24,058 INFO     pid:528512 __main__:099:_init_model Using AlexNet3D
2025-02-13 15:29:24,059 INFO     pid:528512 __main__:102:_init_model Using CUDA with 2 devices.
2025-02-13 15:29:24,171 INFO     pid:528512 __main__:217:main Starting training...
2025-02-13 15:29:24,196 INFO     pid:528512 dcan.data_sets.dsets:169:__init__ <dcan.data_sets.dsets.LoesScoreDataset object at 0x7f28c3adcf10>: 218 training samples
2025-02-13 15:29:24,362 INFO     pid:528512 dcan.data_sets.dsets:169:__init__ <dcan.data_sets.dsets.LoesScoreDataset object at 0x7f28bb1a6e90>: 35 validation samples
2025-02-13 15:29:24,386 INFO     pid:528512 __main__:230:main Epoch 1/2
2025-02-13 15:29:24,399 WARNING  pid:528512 util.util:199:enumerateWithEstimate E1 Training ----/109, starting
2025-02-13 15:29:28,911 INFO     pid:528512 util.util:216:enumerateWithEstimate E1 Training    4/109, done at 2025-02-13 15:29:41, 0:00:12
2025-02-13 15:29:29,763 INFO     pid:528512 util.util:216:enumerateWithEstimate E1 Training    8/109, done at 2025-02-13 15:29:46, 0:00:17
2025-02-13 15:29:30,754 INFO     pid:528512 util.util:216:enumerateWithEstimate E1 Training   16/109, done at 2025-02-13 15:29:44, 0:00:15
2025-02-13 15:29:32,475 INFO     pid:528512 util.util:216:enumerateWithEstimate E1 Training   32/109, done at 2025-02-13 15:29:42, 0:00:13
2025-02-13 15:29:35,777 INFO     pid:528512 util.util:216:enumerateWithEstimate E1 Training   64/109, done at 2025-02-13 15:29:40, 0:00:12
2025-02-13 15:29:40,546 WARNING  pid:528512 util.util:229:enumerateWithEstimate E1 Training ----/109, done at 2025-02-13 15:29:40
2025-02-13 15:29:40,547 WARNING  pid:528512 util.util:199:enumerateWithEstimate E1 Validation ----/18, starting
2025-02-13 15:29:41,964 INFO     pid:528512 util.util:216:enumerateWithEstimate E1 Validation    4/18, done at 2025-02-13 15:29:45, 0:00:03
2025-02-13 15:29:42,679 INFO     pid:528512 util.util:216:enumerateWithEstimate E1 Validation    8/18, done at 2025-02-13 15:29:44, 0:00:03
2025-02-13 15:29:44,031 INFO     pid:528512 util.util:216:enumerateWithEstimate E1 Validation   16/18, done at 2025-02-13 15:29:44, 0:00:03
2025-02-13 15:29:44,441 WARNING  pid:528512 util.util:229:enumerateWithEstimate E1 Validation ----/18, done at 2025-02-13 15:29:44
2025-02-13 15:29:44,444 INFO     pid:528512 __main__:230:main Epoch 2/2
2025-02-13 15:29:44,446 WARNING  pid:528512 util.util:199:enumerateWithEstimate E2 Training ----/109, starting
2025-02-13 15:29:45,881 INFO     pid:528512 util.util:216:enumerateWithEstimate E2 Training    4/109, done at 2025-02-13 15:30:11, 0:00:26
2025-02-13 15:29:47,170 INFO     pid:528512 util.util:216:enumerateWithEstimate E2 Training    8/109, done at 2025-02-13 15:30:15, 0:00:30
2025-02-13 15:29:49,492 INFO     pid:528512 util.util:216:enumerateWithEstimate E2 Training   16/109, done at 2025-02-13 15:30:15, 0:00:31
2025-02-13 15:29:51,960 INFO     pid:528512 util.util:216:enumerateWithEstimate E2 Training   32/109, done at 2025-02-13 15:30:08, 0:00:23
2025-02-13 15:29:56,228 INFO     pid:528512 util.util:216:enumerateWithEstimate E2 Training   64/109, done at 2025-02-13 15:30:04, 0:00:19
2025-02-13 15:30:03,221 WARNING  pid:528512 util.util:229:enumerateWithEstimate E2 Training ----/109, done at 2025-02-13 15:30:03
2025-02-13 15:30:03,222 WARNING  pid:528512 util.util:199:enumerateWithEstimate E2 Validation ----/18, starting
2025-02-13 15:30:04,632 INFO     pid:528512 util.util:216:enumerateWithEstimate E2 Validation    4/18, done at 2025-02-13 15:30:08, 0:00:04
2025-02-13 15:30:05,713 INFO     pid:528512 util.util:216:enumerateWithEstimate E2 Validation    8/18, done at 2025-02-13 15:30:08, 0:00:04
2025-02-13 15:30:07,763 INFO     pid:528512 util.util:216:enumerateWithEstimate E2 Validation   16/18, done at 2025-02-13 15:30:08, 0:00:04
2025-02-13 15:30:08,012 WARNING  pid:528512 util.util:229:enumerateWithEstimate E2 Validation ----/18, done at 2025-02-13 15:30:08
2025-02-13 15:30:09,916 INFO     pid:528512 __main__:239:main Model saved to /home/feczk001/shared/data/AlexNet/LoesScoring/loes_scoring_12.pt
/users/9/reine097/projects/loes-scoring-2/src/dcan/inference/make_predictions.py:26: FutureWarning: You are using `torch.load` with `weights_only=False` (the current default value), which uses the default pickle module implicitly. It is possible to construct malicious pickle data which will execute arbitrary code during unpickling (See https://github.com/pytorch/pytorch/blob/main/SECURITY.md#untrusted-models for more details). In a future release, the default value for `weights_only` will be flipped to `True`. This limits the functions that could be executed during unpickling. Arbitrary objects will no longer be allowed to be loaded via this mode unless they are explicitly allowlisted by the user via `torch.serialization.add_safe_globals`. We recommend you start setting `weights_only=True` for any use case where you don't have full control of the loaded file. Please open an issue on GitHub for any issues related to this experimental feature.
  model.load_state_dict(torch.load(model_save_location,
2025-02-13 15:30:56,834 INFO     pid:528512 dcan.inference.make_predictions:070:compute_standardized_rmse standardized_rmse: 158.44615171586625
